<?xml version="1.0" encoding="UTF-8"?>
<!-- Generated by org.testng.reporters.JUnitReportReporter -->
<testsuite skipped="0" hostname="LAPTOP-MOTMPJ0P" name="com.freecrm.testcases.SignUpPageTestCases" tests="1" failures="0" timestamp="01 Jun 2020 18:18:34 GMT" time="25.587" errors="0">
  <testcase name="signUp" time="25.587" classname="com.freecrm.testcases.SignUpPageTestCases"/>
</testsuite> <!-- com.freecrm.testcases.SignUpPageTestCases -->
