<?xml version="1.0" encoding="UTF-8"?>
<!-- Generated by org.testng.reporters.JUnitReportReporter -->
<testsuite skipped="8" hostname="LAPTOP-MOTMPJ0P" name="com.freecrm.testcases.LoginPageTestCases" tests="9" failures="0" timestamp="03 Feb 2021 16:28:35 GMT" time="0.006" errors="1">
  <testcase name="setUp" time="0.006" classname="com.freecrm.testcases.LoginPageTestCases">
    <error type="java.lang.NullPointerException">
      <![CDATA[java.lang.NullPointerException
	at com.freecrm.baseclass.TestBase.initialization(TestBase.java:46)
	at com.freecrm.testcases.LoginPageTestCases.setUp(LoginPageTestCases.java:29)
	at sun.reflect.NativeMethodAccessorImpl.invoke0(Native Method)
	at sun.reflect.NativeMethodAccessorImpl.invoke(NativeMethodAccessorImpl.java:62)
	at sun.reflect.DelegatingMethodAccessorImpl.invoke(DelegatingMethodAccessorImpl.java:43)
	at java.lang.reflect.Method.invoke(Method.java:498)
	at org.testng.internal.MethodInvocationHelper.invokeMethod(MethodInvocationHelper.java:108)
	at org.testng.internal.Invoker.invokeConfigurationMethod(Invoker.java:523)
	at org.testng.internal.Invoker.invokeConfigurations(Invoker.java:224)
	at org.testng.internal.Invoker.invokeMethod(Invoker.java:599)
	at org.testng.internal.Invoker.invokeTestMethod(Invoker.java:869)
	at org.testng.internal.Invoker.invokeTestMethods(Invoker.java:1193)
	at org.testng.internal.TestMethodWorker.invokeTestMethods(TestMethodWorker.java:126)
	at org.testng.internal.TestMethodWorker.run(TestMethodWorker.java:109)
	at org.testng.TestRunner.privateRun(TestRunner.java:744)
	at org.testng.TestRunner.run(TestRunner.java:602)
	at org.testng.SuiteRunner.runTest(SuiteRunner.java:380)
	at org.testng.SuiteRunner.runSequentially(SuiteRunner.java:375)
	at org.testng.SuiteRunner.privateRun(SuiteRunner.java:340)
	at org.testng.SuiteRunner.run(SuiteRunner.java:289)
	at org.testng.SuiteRunnerWorker.runSuite(SuiteRunnerWorker.java:52)
	at org.testng.SuiteRunnerWorker.run(SuiteRunnerWorker.java:86)
	at org.testng.TestNG.runSuitesSequentially(TestNG.java:1301)
	at org.testng.TestNG.runSuitesLocally(TestNG.java:1226)
	at org.testng.TestNG.runSuites(TestNG.java:1144)
	at org.testng.TestNG.run(TestNG.java:1115)
	at org.testng.remote.AbstractRemoteTestNG.run(AbstractRemoteTestNG.java:132)
	at org.testng.remote.RemoteTestNG.initAndRun(RemoteTestNG.java:230)
	at org.testng.remote.RemoteTestNG.main(RemoteTestNG.java:76)
]]>
    </error>
  </testcase> <!-- setUp -->
  <testcase name="testLogo" time="0.000" classname="com.freecrm.testcases.LoginPageTestCases">
    <skipped/>
  </testcase> <!-- testLogo -->
  <testcase name="testHomeButton" time="0.000" classname="com.freecrm.testcases.LoginPageTestCases">
    <skipped/>
  </testcase> <!-- testHomeButton -->
  <testcase name="testPricingButton" time="0.000" classname="com.freecrm.testcases.LoginPageTestCases">
    <skipped/>
  </testcase> <!-- testPricingButton -->
  <testcase name="testfeaturesButton" time="0.000" classname="com.freecrm.testcases.LoginPageTestCases">
    <skipped/>
  </testcase> <!-- testfeaturesButton -->
  <testcase name="testCustomersButton" time="0.000" classname="com.freecrm.testcases.LoginPageTestCases">
    <skipped/>
  </testcase> <!-- testCustomersButton -->
  <testcase name="testContactsButton" time="0.000" classname="com.freecrm.testcases.LoginPageTestCases">
    <skipped/>
  </testcase> <!-- testContactsButton -->
  <testcase name="testSignUpButton" time="0.000" classname="com.freecrm.testcases.LoginPageTestCases">
    <skipped/>
  </testcase> <!-- testSignUpButton -->
  <testcase name="testLogin" time="0.000" classname="com.freecrm.testcases.LoginPageTestCases">
    <skipped/>
  </testcase> <!-- testLogin -->
</testsuite> <!-- com.freecrm.testcases.LoginPageTestCases -->
